#
# There is insufficient memory for the Java Runtime Environment to continue.
# Native memory allocation (malloc) failed to allocate 32744 bytes for Chunk::new
# Possible reasons:
#   The system is out of physical RAM or swap space
#   The process is running with CompressedOops enabled, and the Java Heap may be blocking the growth of the native heap
# Possible solutions:
#   Reduce memory load on the system
#   Increase physical memory or swap space
#   Check if swap backing store is full
#   Decrease Java heap size (-Xmx/-Xms)
#   Decrease number of Java threads
#   Decrease Java thread stack sizes (-Xss)
#   Set larger code cache with -XX:ReservedCodeCacheSize=
#   JVM is running with Unscaled Compressed Oops mode in which the Java heap is
#     placed in the first 4GB address space. The Java Heap base address is the
#     maximum limit for the native heap growth. Please use -XX:HeapBaseMinAddress
#     to set the Java Heap base and to place the Java Heap above 4GB virtual address.
# This output file may be truncated or incomplete.
#
#  Out of Memory Error (arena.cpp:184), pid=7212, tid=16056
#
# JRE version: Java(TM) SE Runtime Environment (19.0.1+10) (build 19.0.1+10-21)
# Java VM: Java HotSpot(TM) 64-Bit Server VM (19.0.1+10-21, mixed mode, sharing, tiered, compressed oops, compressed class ptrs, g1 gc, windows-amd64)
# No core dump will be written. Minidumps are not enabled by default on client versions of Windows
#

---------------  S U M M A R Y ------------

Command Line: -Dfile.encoding=UTF-8 --module-path=C:\Users\PC\Documents\NetBeansProjects\mediatheque1\build\classes mediatheque1.Emprenter_doc

Host: Intel(R) Core(TM) i5-4300U CPU @ 1.90GHz, 4 cores, 3G,  Windows 10 , 64 bit Build 19041 (10.0.19041.2364)
Time: Wed Jan  4 15:33:28 2023 Paris, Madrid elapsed time: 28347.028073 seconds (0d 7h 52m 27s)

---------------  T H R E A D  ---------------

Current thread (0x000001bd43de78f0):  JavaThread "C2 CompilerThread0" daemon [_thread_in_native, id=16056, stack(0x0000004b31b00000,0x0000004b31c00000)]


Current CompileTask:
C2:28347028 3043       4       java.lang.StringLatin1::inflate (34 bytes)

Stack: [0x0000004b31b00000,0x0000004b31c00000]
Native frames: (J=compiled Java code, j=interpreted, Vv=VM code, C=native code)
V  [jvm.dll+0x6ee8fa]
V  [jvm.dll+0x857a1e]
V  [jvm.dll+0x85940e]
V  [jvm.dll+0x859ac3]
V  [jvm.dll+0x28291f]
V  [jvm.dll+0xc9b5f]
V  [jvm.dll+0xc9ee5]
V  [jvm.dll+0x6cde66]
V  [jvm.dll+0x91d48]
V  [jvm.dll+0x716b6c]
V  [jvm.dll+0xbe903]
V  [jvm.dll+0xbfd53]
V  [jvm.dll+0x71752d]
V  [jvm.dll+0x71639a]
V  [jvm.dll+0x254dae]
V  [jvm.dll+0x24dd16]
V  [jvm.dll+0x24b563]
V  [jvm.dll+0x1d6d61]
V  [jvm.dll+0x25b0fa]
V  [jvm.dll+0x259588]
V  [jvm.dll+0x807928]
V  [jvm.dll+0x8015fa]
V  [jvm.dll+0x6ed5eb]
C  [ucrtbase.dll+0x21bb2]
C  [KERNEL32.DLL+0x17614]
C  [ntdll.dll+0x526a1]


---------------  P R O C E S S  ---------------

Threads class SMR info:
_java_thread_list=0x000001bd48005d40, length=17, elements={
0x000001bd43dd67d0, 0x000001bd43dd85d0, 0x000001bd43ddd940, 0x000001bd43dde270,
0x000001bd43ddf480, 0x000001bd43de5ba0, 0x000001bd43de78f0, 0x000001bd43dede30,
0x000001bd43df9370, 0x000001bd43eadc50, 0x000001bd4809e8e0, 0x000001bd482d1a80,
0x000001bd482d2500, 0x000001bd284caba0, 0x000001bd48dd92e0, 0x000001bd48f4ba10,
0x000001bd48be2510
}

Java Threads: ( => current thread )
  0x000001bd43dd67d0 JavaThread "Reference Handler" daemon [_thread_blocked, id=15828, stack(0x0000004b31500000,0x0000004b31600000)]
  0x000001bd43dd85d0 JavaThread "Finalizer" daemon [_thread_blocked, id=18244, stack(0x0000004b31600000,0x0000004b31700000)]
  0x000001bd43ddd940 JavaThread "Signal Dispatcher" daemon [_thread_blocked, id=9732, stack(0x0000004b31700000,0x0000004b31800000)]
  0x000001bd43dde270 JavaThread "Attach Listener" daemon [_thread_blocked, id=11976, stack(0x0000004b31800000,0x0000004b31900000)]
  0x000001bd43ddf480 JavaThread "Service Thread" daemon [_thread_blocked, id=19300, stack(0x0000004b31900000,0x0000004b31a00000)]
  0x000001bd43de5ba0 JavaThread "Monitor Deflation Thread" daemon [_thread_blocked, id=11532, stack(0x0000004b31a00000,0x0000004b31b00000)]
=>0x000001bd43de78f0 JavaThread "C2 CompilerThread0" daemon [_thread_in_native, id=16056, stack(0x0000004b31b00000,0x0000004b31c00000)]
  0x000001bd43dede30 JavaThread "C1 CompilerThread0" daemon [_thread_blocked, id=17252, stack(0x0000004b31c00000,0x0000004b31d00000)]
  0x000001bd43df9370 JavaThread "Sweeper thread" daemon [_thread_blocked, id=7920, stack(0x0000004b31d00000,0x0000004b31e00000)]
  0x000001bd43eadc50 JavaThread "Common-Cleaner" daemon [_thread_blocked, id=16860, stack(0x0000004b31e00000,0x0000004b31f00000)]
  0x000001bd4809e8e0 JavaThread "Notification Thread" daemon [_thread_blocked, id=4920, stack(0x0000004b31f00000,0x0000004b32000000)]
  0x000001bd482d1a80 JavaThread "Java2D Disposer" daemon [_thread_blocked, id=10012, stack(0x0000004b32200000,0x0000004b32300000)]
  0x000001bd482d2500 JavaThread "AWT-Windows" daemon [_thread_in_native, id=15912, stack(0x0000004b32400000,0x0000004b32500000)]
  0x000001bd284caba0 JavaThread "DestroyJavaVM" [_thread_blocked, id=6084, stack(0x0000004b30e00000,0x0000004b30f00000)]
  0x000001bd48dd92e0 JavaThread "TimerQueue" daemon [_thread_blocked, id=5024, stack(0x0000004b32700000,0x0000004b32800000)]
  0x000001bd48f4ba10 JavaThread "mysql-cj-abandoned-connection-cleanup" daemon [_thread_blocked, id=10384, stack(0x0000004b33000000,0x0000004b33100000)]
  0x000001bd48be2510 JavaThread "AWT-Shutdown" [_thread_blocked, id=20180, stack(0x0000004b30b00000,0x0000004b30c00000)]

Other Threads:
  0x000001bd2858d830 VMThread "VM Thread" [stack: 0x0000004b31400000,0x0000004b31500000] [id=6940]
  0x000001bd48077ef0 WatcherThread "VM Periodic Task Thread" [stack: 0x0000004b32000000,0x0000004b32100000] [id=15704]
  0x000001bd2850d3d0 WorkerThread "GC Thread#0" [stack: 0x0000004b30f00000,0x0000004b31000000] [id=8864]
  0x000001bd48f84540 WorkerThread "GC Thread#1" [stack: 0x0000004b32c00000,0x0000004b32d00000] [id=14016]
  0x000001bd48f84810 WorkerThread "GC Thread#2" [stack: 0x0000004b32d00000,0x0000004b32e00000] [id=15968]
  0x000001bd48f84ae0 WorkerThread "GC Thread#3" [stack: 0x0000004b32e00000,0x0000004b32f00000] [id=18376]
  0x000001bd285161d0 ConcurrentGCThread "G1 Main Marker" [stack: 0x0000004b31000000,0x0000004b31100000] [id=12068]
  0x000001bd285173a0 WorkerThread "G1 Conc#0" [stack: 0x0000004b31100000,0x0000004b31200000] [id=4948]
  0x000001bd2856a670 ConcurrentGCThread "G1 Refine#0" [stack: 0x0000004b31200000,0x0000004b31300000] [id=17124]
  0x000001bd2856b1b0 ConcurrentGCThread "G1 Service" [stack: 0x0000004b31300000,0x0000004b31400000] [id=16672]

Threads with active compile tasks:
C2 CompilerThread0  28347084 3043       4       java.lang.StringLatin1::inflate (34 bytes)

VM state: not at safepoint (normal execution)

VM Mutex/Monitor currently owned by a thread: None

OutOfMemory and StackOverflow Exception counts:
OutOfMemoryError java_heap_errors=1
LinkageErrors=16

Heap address: 0x00000000c1800000, size: 1000 MB, Compressed Oops mode: 32-bit

CDS archive(s) mapped at: [0x0000000800000000-0x0000000800c40000-0x0000000800c40000), size 12845056, SharedBaseAddress: 0x0000000800000000, ArchiveRelocationMode: 0.
Compressed class space mapped at: 0x0000000801000000-0x0000000841000000, reserved size: 1073741824
Narrow klass base: 0x0000000800000000, Narrow klass shift: 0, Narrow klass range: 0x100000000

GC Precious Log:
 CardTable entry size: 512
 Card Set container configuration: InlinePtr #cards 5 size 8 Array Of Cards #cards 12 size 40 Howl #buckets 4 coarsen threshold 1843 Howl Bitmap #cards 512 size 80 coarsen threshold 460 Card regions per heap region 1 cards per card region 2048
 CPUs: 4 total, 4 available
 Memory: 3993M
 Large Page Support: Disabled
 NUMA Support: Disabled
 Compressed Oops: Enabled (32-bit)
 Heap Region Size: 1M
 Heap Min Capacity: 8M
 Heap Initial Capacity: 64M
 Heap Max Capacity: 1000M
 Pre-touch: Disabled
 Parallel Workers: 4
 Concurrent Workers: 1
 Concurrent Refinement Workers: 4
 Periodic GC: Disabled

Heap:
 garbage-first heap   total 65536K, used 29734K [0x00000000c1800000, 0x0000000100000000)
  region size 1024K, 22 young (22528K), 1 survivors (1024K)
 Metaspace       used 15973K, committed 16192K, reserved 1114112K
  class space    used 1616K, committed 1728K, reserved 1048576K

Heap Regions: E=young(eden), S=young(survivor), O=old, HS=humongous(starts), HC=humongous(continues), CS=collection set, F=free, OA=open archive, CA=closed archive, TAMS=top-at-mark-start (previous, next)
|   0|0x00000000c1800000, 0x00000000c1900000, 0x00000000c1900000|100%| O|  |TAMS 0x00000000c1800000, 0x00000000c1800000| Untracked 
|   1|0x00000000c1900000, 0x00000000c1a00000, 0x00000000c1a00000|100%| O|  |TAMS 0x00000000c1900000, 0x00000000c1900000| Untracked 
|   2|0x00000000c1a00000, 0x00000000c1b00000, 0x00000000c1b00000|100%|HS|  |TAMS 0x00000000c1a00000, 0x00000000c1a00000| Complete 
|   3|0x00000000c1b00000, 0x00000000c1c00000, 0x00000000c1c00000|100%|HC|  |TAMS 0x00000000c1b00000, 0x00000000c1b00000| Complete 
|   4|0x00000000c1c00000, 0x00000000c1d00000, 0x00000000c1d00000|100%|HC|  |TAMS 0x00000000c1c00000, 0x00000000c1c00000| Complete 
|   5|0x00000000c1d00000, 0x00000000c1e00000, 0x00000000c1e00000|100%| O|  |TAMS 0x00000000c1d00000, 0x00000000c1d00000| Untracked 
|   6|0x00000000c1e00000, 0x00000000c1f00000, 0x00000000c1f00000|100%| O|  |TAMS 0x00000000c1e00000, 0x00000000c1e00000| Untracked 
|   7|0x00000000c1f00000, 0x00000000c2000000, 0x00000000c2000000|100%| O|  |TAMS 0x00000000c1f00000, 0x00000000c1f00000| Untracked 
|   8|0x00000000c2000000, 0x00000000c2100000, 0x00000000c2100000|100%| O|  |TAMS 0x00000000c2000000, 0x00000000c2000000| Untracked 
|   9|0x00000000c2100000, 0x00000000c2106800, 0x00000000c2200000|  2%| O|  |TAMS 0x00000000c2100000, 0x00000000c2100000| Untracked 
|  10|0x00000000c2200000, 0x00000000c2200000, 0x00000000c2300000|  0%| F|  |TAMS 0x00000000c2200000, 0x00000000c2200000| Untracked 
|  11|0x00000000c2300000, 0x00000000c2300000, 0x00000000c2400000|  0%| F|  |TAMS 0x00000000c2300000, 0x00000000c2300000| Untracked 
|  12|0x00000000c2400000, 0x00000000c2400000, 0x00000000c2500000|  0%| F|  |TAMS 0x00000000c2400000, 0x00000000c2400000| Untracked 
|  13|0x00000000c2500000, 0x00000000c2500000, 0x00000000c2600000|  0%| F|  |TAMS 0x00000000c2500000, 0x00000000c2500000| Untracked 
|  14|0x00000000c2600000, 0x00000000c2600000, 0x00000000c2700000|  0%| F|  |TAMS 0x00000000c2600000, 0x00000000c2600000| Untracked 
|  15|0x00000000c2700000, 0x00000000c2700000, 0x00000000c2800000|  0%| F|  |TAMS 0x00000000c2700000, 0x00000000c2700000| Untracked 
|  16|0x00000000c2800000, 0x00000000c2800000, 0x00000000c2900000|  0%| F|  |TAMS 0x00000000c2800000, 0x00000000c2800000| Untracked 
|  17|0x00000000c2900000, 0x00000000c2900000, 0x00000000c2a00000|  0%| F|  |TAMS 0x00000000c2900000, 0x00000000c2900000| Untracked 
|  18|0x00000000c2a00000, 0x00000000c2a00000, 0x00000000c2b00000|  0%| F|  |TAMS 0x00000000c2a00000, 0x00000000c2a00000| Untracked 
|  19|0x00000000c2b00000, 0x00000000c2b00000, 0x00000000c2c00000|  0%| F|  |TAMS 0x00000000c2b00000, 0x00000000c2b00000| Untracked 
|  20|0x00000000c2c00000, 0x00000000c2c00000, 0x00000000c2d00000|  0%| F|  |TAMS 0x00000000c2c00000, 0x00000000c2c00000| Untracked 
|  21|0x00000000c2d00000, 0x00000000c2d00000, 0x00000000c2e00000|  0%| F|  |TAMS 0x00000000c2d00000, 0x00000000c2d00000| Untracked 
|  22|0x00000000c2e00000, 0x00000000c2e00000, 0x00000000c2f00000|  0%| F|  |TAMS 0x00000000c2e00000, 0x00000000c2e00000| Untracked 
|  23|0x00000000c2f00000, 0x00000000c2f00000, 0x00000000c3000000|  0%| F|  |TAMS 0x00000000c2f00000, 0x00000000c2f00000| Untracked 
|  24|0x00000000c3000000, 0x00000000c3000000, 0x00000000c3100000|  0%| F|  |TAMS 0x00000000c3000000, 0x00000000c3000000| Untracked 
|  25|0x00000000c3100000, 0x00000000c3100000, 0x00000000c3200000|  0%| F|  |TAMS 0x00000000c3100000, 0x00000000c3100000| Untracked 
|  26|0x00000000c3200000, 0x00000000c3203060, 0x00000000c3300000|  1%| S|CS|TAMS 0x00000000c3200000, 0x00000000c3200000| Complete 
|  27|0x00000000c3300000, 0x00000000c3300000, 0x00000000c3400000|  0%| F|  |TAMS 0x00000000c3300000, 0x00000000c3300000| Untracked 
|  28|0x00000000c3400000, 0x00000000c3400000, 0x00000000c3500000|  0%| F|  |TAMS 0x00000000c3400000, 0x00000000c3400000| Untracked 
|  29|0x00000000c3500000, 0x00000000c3500000, 0x00000000c3600000|  0%| F|  |TAMS 0x00000000c3500000, 0x00000000c3500000| Untracked 
|  30|0x00000000c3600000, 0x00000000c3600000, 0x00000000c3700000|  0%| F|  |TAMS 0x00000000c3600000, 0x00000000c3600000| Untracked 
|  31|0x00000000c3700000, 0x00000000c3700000, 0x00000000c3800000|  0%| F|  |TAMS 0x00000000c3700000, 0x00000000c3700000| Untracked 
|  32|0x00000000c3800000, 0x00000000c3800000, 0x00000000c3900000|  0%| F|  |TAMS 0x00000000c3800000, 0x00000000c3800000| Untracked 
|  33|0x00000000c3900000, 0x00000000c3900000, 0x00000000c3a00000|  0%| F|  |TAMS 0x00000000c3900000, 0x00000000c3900000| Untracked 
|  34|0x00000000c3a00000, 0x00000000c3a00000, 0x00000000c3b00000|  0%| F|  |TAMS 0x00000000c3a00000, 0x00000000c3a00000| Untracked 
|  35|0x00000000c3b00000, 0x00000000c3b00000, 0x00000000c3c00000|  0%| F|  |TAMS 0x00000000c3b00000, 0x00000000c3b00000| Untracked 
|  36|0x00000000c3c00000, 0x00000000c3c00000, 0x00000000c3d00000|  0%| F|  |TAMS 0x00000000c3c00000, 0x00000000c3c00000| Untracked 
|  37|0x00000000c3d00000, 0x00000000c3d00000, 0x00000000c3e00000|  0%| F|  |TAMS 0x00000000c3d00000, 0x00000000c3d00000| Untracked 
|  38|0x00000000c3e00000, 0x00000000c3e00000, 0x00000000c3f00000|  0%| F|  |TAMS 0x00000000c3e00000, 0x00000000c3e00000| Untracked 
|  39|0x00000000c3f00000, 0x00000000c3f00000, 0x00000000c4000000|  0%| F|  |TAMS 0x00000000c3f00000, 0x00000000c3f00000| Untracked 
|  40|0x00000000c4000000, 0x00000000c4000000, 0x00000000c4100000|  0%| F|  |TAMS 0x00000000c4000000, 0x00000000c4000000| Untracked 
|  41|0x00000000c4100000, 0x00000000c4100000, 0x00000000c4200000|  0%| F|  |TAMS 0x00000000c4100000, 0x00000000c4100000| Untracked 
|  42|0x00000000c4200000, 0x00000000c4200000, 0x00000000c4300000|  0%| F|  |TAMS 0x00000000c4200000, 0x00000000c4200000| Untracked 
|  43|0x00000000c4300000, 0x00000000c4305800, 0x00000000c4400000|  2%| E|  |TAMS 0x00000000c4300000, 0x00000000c4300000| Complete 
|  44|0x00000000c4400000, 0x00000000c4500000, 0x00000000c4500000|100%| E|CS|TAMS 0x00000000c4400000, 0x00000000c4400000| Complete 
|  45|0x00000000c4500000, 0x00000000c4600000, 0x00000000c4600000|100%| E|CS|TAMS 0x00000000c4500000, 0x00000000c4500000| Complete 
|  46|0x00000000c4600000, 0x00000000c4700000, 0x00000000c4700000|100%| E|CS|TAMS 0x00000000c4600000, 0x00000000c4600000| Complete 
|  47|0x00000000c4700000, 0x00000000c4800000, 0x00000000c4800000|100%| E|CS|TAMS 0x00000000c4700000, 0x00000000c4700000| Complete 
|  48|0x00000000c4800000, 0x00000000c4900000, 0x00000000c4900000|100%| E|CS|TAMS 0x00000000c4800000, 0x00000000c4800000| Complete 
|  49|0x00000000c4900000, 0x00000000c4a00000, 0x00000000c4a00000|100%| E|CS|TAMS 0x00000000c4900000, 0x00000000c4900000| Complete 
|  50|0x00000000c4a00000, 0x00000000c4b00000, 0x00000000c4b00000|100%| E|CS|TAMS 0x00000000c4a00000, 0x00000000c4a00000| Complete 
|  51|0x00000000c4b00000, 0x00000000c4c00000, 0x00000000c4c00000|100%| E|CS|TAMS 0x00000000c4b00000, 0x00000000c4b00000| Complete 
|  52|0x00000000c4c00000, 0x00000000c4d00000, 0x00000000c4d00000|100%| E|CS|TAMS 0x00000000c4c00000, 0x00000000c4c00000| Complete 
|  53|0x00000000c4d00000, 0x00000000c4e00000, 0x00000000c4e00000|100%| E|CS|TAMS 0x00000000c4d00000, 0x00000000c4d00000| Complete 
|  54|0x00000000c4e00000, 0x00000000c4f00000, 0x00000000c4f00000|100%| E|CS|TAMS 0x00000000c4e00000, 0x00000000c4e00000| Complete 
|  55|0x00000000c4f00000, 0x00000000c5000000, 0x00000000c5000000|100%| E|CS|TAMS 0x00000000c4f00000, 0x00000000c4f00000| Complete 
|  56|0x00000000c5000000, 0x00000000c5100000, 0x00000000c5100000|100%| E|CS|TAMS 0x00000000c5000000, 0x00000000c5000000| Complete 
|  57|0x00000000c5100000, 0x00000000c5200000, 0x00000000c5200000|100%| E|CS|TAMS 0x00000000c5100000, 0x00000000c5100000| Complete 
|  58|0x00000000c5200000, 0x00000000c5300000, 0x00000000c5300000|100%| E|CS|TAMS 0x00000000c5200000, 0x00000000c5200000| Complete 
|  59|0x00000000c5300000, 0x00000000c5400000, 0x00000000c5400000|100%| E|CS|TAMS 0x00000000c5300000, 0x00000000c5300000| Complete 
|  60|0x00000000c5400000, 0x00000000c5500000, 0x00000000c5500000|100%| E|CS|TAMS 0x00000000c5400000, 0x00000000c5400000| Complete 
|  61|0x00000000c5500000, 0x00000000c5600000, 0x00000000c5600000|100%| E|CS|TAMS 0x00000000c5500000, 0x00000000c5500000| Complete 
|  62|0x00000000c5600000, 0x00000000c5700000, 0x00000000c5700000|100%| E|CS|TAMS 0x00000000c5600000, 0x00000000c5600000| Complete 
|  63|0x00000000c5700000, 0x00000000c5800000, 0x00000000c5800000|100%| E|CS|TAMS 0x00000000c5700000, 0x00000000c5700000| Complete 

Card table byte_map: [0x000001bd3f640000,0x000001bd3f840000] _byte_map_base: 0x000001bd3f034000

Marking Bits (Prev, Next): (CMBitMap*) 0x000001bd2850da00, (CMBitMap*) 0x000001bd2850da40
 Prev Bits: [0x000001bd3fa40000, 0x000001bd409e0000)
 Next Bits: [0x000001bd409e0000, 0x000001bd41980000)

Polling page: 0x000001bd26380000

Metaspace:

Usage:
  Non-class:     14.02 MB used.
      Class:      1.58 MB used.
       Both:     15.60 MB used.

Virtual space:
  Non-class space:       64.00 MB reserved,      14.12 MB ( 22%) committed,  1 nodes.
      Class space:        1.00 GB reserved,       1.69 MB ( <1%) committed,  1 nodes.
             Both:        1.06 GB reserved,      15.81 MB (  1%) committed. 

Chunk freelists:
   Non-Class:  1.00 MB
       Class:  2.19 MB
        Both:  3.19 MB

MaxMetaspaceSize: unlimited
CompressedClassSpaceSize: 1.00 GB
Initial GC threshold: 21.00 MB
Current GC threshold: 21.00 MB
CDS: on
MetaspaceReclaimPolicy: balanced
 - commit_granule_bytes: 65536.
 - commit_granule_words: 8192.
 - virtual_space_node_default_size: 8388608.
 - enlarge_chunks_in_place: 1.
 - new_chunks_are_fully_committed: 0.
 - uncommit_free_chunks: 1.
 - use_allocation_guard: 0.


Internal statistics:

num_allocs_failed_limit: 0.
num_arena_births: 222.
num_arena_deaths: 0.
num_vsnodes_births: 2.
num_vsnodes_deaths: 0.
num_space_committed: 253.
num_space_uncommitted: 0.
num_chunks_returned_to_freelist: 0.
num_chunks_taken_from_freelist: 378.
num_chunk_merges: 0.
num_chunk_splits: 248.
num_chunks_enlarged: 170.
num_inconsistent_stats: 0.

CodeHeap 'non-profiled nmethods': size=120000Kb used=1261Kb max_used=1261Kb free=118738Kb
 bounds [0x000001bd37f10000, 0x000001bd38180000, 0x000001bd3f440000]
CodeHeap 'profiled nmethods': size=120000Kb used=6018Kb max_used=6018Kb free=113981Kb
 bounds [0x000001bd30440000, 0x000001bd30a30000, 0x000001bd37970000]
CodeHeap 'non-nmethods': size=5760Kb used=1466Kb max_used=1507Kb free=4293Kb
 bounds [0x000001bd37970000, 0x000001bd37be0000, 0x000001bd37f10000]
 total_blobs=3783 nmethods=3042 adapters=650
 compilation: enabled
              stopped_count=0, restarted_count=0
 full_count=0

Compilation events (20 events):
Event: 3445.579 Thread 0x000001bd43de78f0 nmethod 3033 0x000001bd38046410 code [0x000001bd380465a0, 0x000001bd380466b8]
Event: 3597.125 Thread 0x000001bd43de78f0 3034       4       java.util.HashMap::removeNode (291 bytes)
Event: 3597.164 Thread 0x000001bd43de78f0 nmethod 3034 0x000001bd38046810 code [0x000001bd380469e0, 0x000001bd380476b8]
Event: 3605.255 Thread 0x000001bd43de78f0 3035       4       java.awt.EventQueue$4::run (5 bytes)
Event: 3605.274 Thread 0x000001bd43de78f0 nmethod 3035 0x000001bd38047c10 code [0x000001bd38047da0, 0x000001bd38047e88]
Event: 3605.274 Thread 0x000001bd43de78f0 3036       4       java.awt.EventQueue$4::run (60 bytes)
Event: 3605.276 Thread 0x000001bd43de78f0 nmethod 3036 0x000001bd38047f90 code [0x000001bd38048120, 0x000001bd38048208]
Event: 3630.539 Thread 0x000001bd43de78f0 3037       4       java.lang.ClassLoader::getSystemClassLoader (96 bytes)
Event: 3630.543 Thread 0x000001bd43de78f0 nmethod 3037 0x000001bd38048310 code [0x000001bd380484a0, 0x000001bd38048538]
Event: 3673.982 Thread 0x000001bd43de78f0 3038       4       java.util.HashMap::remove (26 bytes)
Event: 3673.987 Thread 0x000001bd43de78f0 nmethod 3038 0x000001bd38048610 code [0x000001bd380487a0, 0x000001bd380488e8]
Event: 3757.827 Thread 0x000001bd43de78f0 3039       4       jdk.internal.loader.URLClassPath$JarLoader::findResource (18 bytes)
Event: 3757.845 Thread 0x000001bd43de78f0 nmethod 3039 0x000001bd38048a10 code [0x000001bd38048c00, 0x000001bd380492d0]
Event: 3784.209 Thread 0x000001bd43de78f0 3040       4       java.lang.Thread::<init> (364 bytes)
Event: 3784.252 Thread 0x000001bd43de78f0 nmethod 3040 0x000001bd38049710 code [0x000001bd38049920, 0x000001bd3804a6b0]
Event: 28088.352 Thread 0x000001bd43de78f0 3041   !   4       java.lang.Thread::exit (58 bytes)
Event: 28088.356 Thread 0x000001bd43de78f0 nmethod 3041 0x000001bd3804af90 code [0x000001bd3804b120, 0x000001bd3804b318]
Event: 28346.975 Thread 0x000001bd43dede30 3042       3       java.util.ImmutableCollections$MapN::get (35 bytes)
Event: 28346.983 Thread 0x000001bd43dede30 nmethod 3042 0x000001bd30a20190 code [0x000001bd30a20380, 0x000001bd30a20738]
Event: 28347.005 Thread 0x000001bd43de78f0 3043       4       java.lang.StringLatin1::inflate (34 bytes)

GC Heap History (20 events):
Event: 2500.927 GC heap before
{Heap before GC invocations=13 (full 0):
 garbage-first heap   total 65536K, used 47125K [0x00000000c1800000, 0x0000000100000000)
  region size 1024K, 38 young (38912K), 1 survivors (1024K)
 Metaspace       used 15959K, committed 16192K, reserved 1114112K
  class space    used 1613K, committed 1728K, reserved 1048576K
}
Event: 2500.929 GC heap after
{Heap after GC invocations=14 (full 0):
 garbage-first heap   total 65536K, used 9239K [0x00000000c1800000, 0x0000000100000000)
  region size 1024K, 1 young (1024K), 1 survivors (1024K)
 Metaspace       used 15959K, committed 16192K, reserved 1114112K
  class space    used 1613K, committed 1728K, reserved 1048576K
}
Event: 2699.922 GC heap before
{Heap before GC invocations=14 (full 0):
 garbage-first heap   total 65536K, used 47127K [0x00000000c1800000, 0x0000000100000000)
  region size 1024K, 38 young (38912K), 1 survivors (1024K)
 Metaspace       used 15959K, committed 16192K, reserved 1114112K
  class space    used 1613K, committed 1728K, reserved 1048576K
}
Event: 2699.929 GC heap after
{Heap after GC invocations=15 (full 0):
 garbage-first heap   total 65536K, used 9238K [0x00000000c1800000, 0x0000000100000000)
  region size 1024K, 1 young (1024K), 1 survivors (1024K)
 Metaspace       used 15959K, committed 16192K, reserved 1114112K
  class space    used 1613K, committed 1728K, reserved 1048576K
}
Event: 2868.637 GC heap before
{Heap before GC invocations=15 (full 0):
 garbage-first heap   total 65536K, used 47126K [0x00000000c1800000, 0x0000000100000000)
  region size 1024K, 38 young (38912K), 1 survivors (1024K)
 Metaspace       used 15959K, committed 16192K, reserved 1114112K
  class space    used 1613K, committed 1728K, reserved 1048576K
}
Event: 2868.640 GC heap after
{Heap after GC invocations=16 (full 0):
 garbage-first heap   total 65536K, used 9238K [0x00000000c1800000, 0x0000000100000000)
  region size 1024K, 1 young (1024K), 1 survivors (1024K)
 Metaspace       used 15959K, committed 16192K, reserved 1114112K
  class space    used 1613K, committed 1728K, reserved 1048576K
}
Event: 3049.256 GC heap before
{Heap before GC invocations=16 (full 0):
 garbage-first heap   total 65536K, used 47126K [0x00000000c1800000, 0x0000000100000000)
  region size 1024K, 38 young (38912K), 1 survivors (1024K)
 Metaspace       used 15959K, committed 16192K, reserved 1114112K
  class space    used 1613K, committed 1728K, reserved 1048576K
}
Event: 3049.258 GC heap after
{Heap after GC invocations=17 (full 0):
 garbage-first heap   total 65536K, used 9239K [0x00000000c1800000, 0x0000000100000000)
  region size 1024K, 1 young (1024K), 1 survivors (1024K)
 Metaspace       used 15959K, committed 16192K, reserved 1114112K
  class space    used 1613K, committed 1728K, reserved 1048576K
}
Event: 3215.215 GC heap before
{Heap before GC invocations=17 (full 0):
 garbage-first heap   total 65536K, used 47127K [0x00000000c1800000, 0x0000000100000000)
  region size 1024K, 38 young (38912K), 1 survivors (1024K)
 Metaspace       used 15959K, committed 16192K, reserved 1114112K
  class space    used 1613K, committed 1728K, reserved 1048576K
}
Event: 3215.220 GC heap after
{Heap after GC invocations=18 (full 0):
 garbage-first heap   total 65536K, used 9244K [0x00000000c1800000, 0x0000000100000000)
  region size 1024K, 1 young (1024K), 1 survivors (1024K)
 Metaspace       used 15959K, committed 16192K, reserved 1114112K
  class space    used 1613K, committed 1728K, reserved 1048576K
}
Event: 3387.023 GC heap before
{Heap before GC invocations=18 (full 0):
 garbage-first heap   total 65536K, used 47132K [0x00000000c1800000, 0x0000000100000000)
  region size 1024K, 38 young (38912K), 1 survivors (1024K)
 Metaspace       used 15959K, committed 16192K, reserved 1114112K
  class space    used 1613K, committed 1728K, reserved 1048576K
}
Event: 3387.025 GC heap after
{Heap after GC invocations=19 (full 0):
 garbage-first heap   total 65536K, used 9249K [0x00000000c1800000, 0x0000000100000000)
  region size 1024K, 1 young (1024K), 1 survivors (1024K)
 Metaspace       used 15959K, committed 16192K, reserved 1114112K
  class space    used 1613K, committed 1728K, reserved 1048576K
}
Event: 3543.459 GC heap before
{Heap before GC invocations=19 (full 0):
 garbage-first heap   total 65536K, used 47137K [0x00000000c1800000, 0x0000000100000000)
  region size 1024K, 38 young (38912K), 1 survivors (1024K)
 Metaspace       used 15959K, committed 16192K, reserved 1114112K
  class space    used 1613K, committed 1728K, reserved 1048576K
}
Event: 3543.462 GC heap after
{Heap after GC invocations=20 (full 0):
 garbage-first heap   total 65536K, used 9249K [0x00000000c1800000, 0x0000000100000000)
  region size 1024K, 1 young (1024K), 1 survivors (1024K)
 Metaspace       used 15959K, committed 16192K, reserved 1114112K
  class space    used 1613K, committed 1728K, reserved 1048576K
}
Event: 3687.138 GC heap before
{Heap before GC invocations=20 (full 0):
 garbage-first heap   total 65536K, used 47137K [0x00000000c1800000, 0x0000000100000000)
  region size 1024K, 38 young (38912K), 1 survivors (1024K)
 Metaspace       used 15959K, committed 16192K, reserved 1114112K
  class space    used 1613K, committed 1728K, reserved 1048576K
}
Event: 3687.140 GC heap after
{Heap after GC invocations=21 (full 0):
 garbage-first heap   total 65536K, used 9249K [0x00000000c1800000, 0x0000000100000000)
  region size 1024K, 1 young (1024K), 1 survivors (1024K)
 Metaspace       used 15959K, committed 16192K, reserved 1114112K
  class space    used 1613K, committed 1728K, reserved 1048576K
}
Event: 28102.548 GC heap before
{Heap before GC invocations=21 (full 0):
 garbage-first heap   total 65536K, used 47137K [0x00000000c1800000, 0x0000000100000000)
  region size 1024K, 38 young (38912K), 1 survivors (1024K)
 Metaspace       used 15962K, committed 16192K, reserved 1114112K
  class space    used 1615K, committed 1728K, reserved 1048576K
}
Event: 28102.568 GC heap after
{Heap after GC invocations=22 (full 0):
 garbage-first heap   total 65536K, used 9254K [0x00000000c1800000, 0x0000000100000000)
  region size 1024K, 1 young (1024K), 1 survivors (1024K)
 Metaspace       used 15962K, committed 16192K, reserved 1114112K
  class space    used 1615K, committed 1728K, reserved 1048576K
}
Event: 28270.405 GC heap before
{Heap before GC invocations=22 (full 0):
 garbage-first heap   total 65536K, used 47142K [0x00000000c1800000, 0x0000000100000000)
  region size 1024K, 38 young (38912K), 1 survivors (1024K)
 Metaspace       used 15962K, committed 16192K, reserved 1114112K
  class space    used 1615K, committed 1728K, reserved 1048576K
}
Event: 28270.434 GC heap after
{Heap after GC invocations=23 (full 0):
 garbage-first heap   total 65536K, used 9254K [0x00000000c1800000, 0x0000000100000000)
  region size 1024K, 1 young (1024K), 1 survivors (1024K)
 Metaspace       used 15962K, committed 16192K, reserved 1114112K
  class space    used 1615K, committed 1728K, reserved 1048576K
}

Dll operation events (10 events):
Event: 0.007 Loaded shared library C:\Program Files\Java\jdk-19\bin\java.dll
Event: 0.016 Loaded shared library C:\Program Files\Java\jdk-19\bin\jsvml.dll
Event: 0.077 Loaded shared library C:\Program Files\Java\jdk-19\bin\net.dll
Event: 0.079 Loaded shared library C:\Program Files\Java\jdk-19\bin\nio.dll
Event: 0.113 Loaded shared library C:\Program Files\Java\jdk-19\bin\zip.dll
Event: 0.160 Loaded shared library C:\Program Files\Java\jdk-19\bin\jimage.dll
Event: 0.197 Loaded shared library C:\Program Files\Java\jdk-19\bin\awt.dll
Event: 0.416 Loaded shared library C:\Program Files\Java\jdk-19\bin\freetype.dll
Event: 0.417 Loaded shared library C:\Program Files\Java\jdk-19\bin\fontmanager.dll
Event: 1.704 Loaded shared library C:\Program Files\Java\jdk-19\bin\extnet.dll

Deoptimization events (20 events):
Event: 19.461 Thread 0x000001bd48396820 DEOPT PACKING pc=0x000001bd37ff6b24 sp=0x0000004b321fe620
Event: 19.462 Thread 0x000001bd48396820 DEOPT UNPACKING pc=0x000001bd379d6da3 sp=0x0000004b321fe560 mode 2
Event: 779.174 Thread 0x000001bd48f48f90 Uncommon trap: trap_request=0xffffffde fr.pc=0x000001bd380161b4 relative=0x0000000000000114
Event: 779.174 Thread 0x000001bd48f48f90 Uncommon trap: reason=class_check action=maybe_recompile pc=0x000001bd380161b4 method=jdk.internal.misc.Unsafe.allocateUninitializedArray(Ljava/lang/Class;I)Ljava/lang/Object; @ 51 c2
Event: 779.174 Thread 0x000001bd48f48f90 DEOPT PACKING pc=0x000001bd380161b4 sp=0x0000004b32fff3b0
Event: 779.174 Thread 0x000001bd48f48f90 DEOPT UNPACKING pc=0x000001bd379d6da3 sp=0x0000004b32fff338 mode 2
Event: 779.175 Thread 0x000001bd48f48f90 Uncommon trap: trap_request=0xffffffde fr.pc=0x000001bd380161b4 relative=0x0000000000000114
Event: 779.175 Thread 0x000001bd48f48f90 Uncommon trap: reason=class_check action=maybe_recompile pc=0x000001bd380161b4 method=jdk.internal.misc.Unsafe.allocateUninitializedArray(Ljava/lang/Class;I)Ljava/lang/Object; @ 51 c2
Event: 779.176 Thread 0x000001bd48f48f90 DEOPT PACKING pc=0x000001bd380161b4 sp=0x0000004b32fff3b0
Event: 779.176 Thread 0x000001bd48f48f90 DEOPT UNPACKING pc=0x000001bd379d6da3 sp=0x0000004b32fff338 mode 2
Event: 780.185 Thread 0x000001bd48f48f90 Uncommon trap: trap_request=0xffffffde fr.pc=0x000001bd380161b4 relative=0x0000000000000114
Event: 780.185 Thread 0x000001bd48f48f90 Uncommon trap: reason=class_check action=maybe_recompile pc=0x000001bd380161b4 method=jdk.internal.misc.Unsafe.allocateUninitializedArray(Ljava/lang/Class;I)Ljava/lang/Object; @ 51 c2
Event: 780.185 Thread 0x000001bd48f48f90 DEOPT PACKING pc=0x000001bd380161b4 sp=0x0000004b32fff3b0
Event: 780.185 Thread 0x000001bd48f48f90 DEOPT UNPACKING pc=0x000001bd379d6da3 sp=0x0000004b32fff338 mode 2
Event: 780.186 Thread 0x000001bd48f48f90 Uncommon trap: trap_request=0xffffffde fr.pc=0x000001bd380161b4 relative=0x0000000000000114
Event: 780.186 Thread 0x000001bd48f48f90 Uncommon trap: reason=class_check action=maybe_recompile pc=0x000001bd380161b4 method=jdk.internal.misc.Unsafe.allocateUninitializedArray(Ljava/lang/Class;I)Ljava/lang/Object; @ 51 c2
Event: 780.186 Thread 0x000001bd48f48f90 DEOPT PACKING pc=0x000001bd380161b4 sp=0x0000004b32fff3b0
Event: 780.186 Thread 0x000001bd48f48f90 DEOPT UNPACKING pc=0x000001bd379d6da3 sp=0x0000004b32fff338 mode 2
Event: 28347.004 Thread 0x000001bd48f48f90 DEOPT PACKING pc=0x000001bd304fc1be sp=0x0000004b32ffee20
Event: 28347.007 Thread 0x000001bd48f48f90 DEOPT UNPACKING pc=0x000001bd379d7543 sp=0x0000004b32ffe298 mode 0

Classes loaded (20 events):
Event: 19.431 Loading class sun/awt/SunToolkit$1
Event: 19.431 Loading class sun/awt/SunToolkit$1 done
Event: 19.449 Loading class javax/swing/Autoscroller
Event: 19.450 Loading class javax/swing/Autoscroller done
Event: 21.656 Loading class sun/awt/AppContext$PostShutdownEventRunnable
Event: 21.656 Loading class sun/awt/AppContext$PostShutdownEventRunnable done
Event: 21.656 Loading class sun/awt/AWTAutoShutdown$1
Event: 21.657 Loading class sun/awt/AWTAutoShutdown$1 done
Event: 1730.845 Loading class java/security/DomainCombiner
Event: 1730.849 Loading class java/security/DomainCombiner done
Event: 3790.188 Loading class java/awt/desktop/SystemSleepListener
Event: 3790.198 Loading class java/awt/desktop/SystemEventListener
Event: 3790.198 Loading class java/awt/desktop/SystemEventListener done
Event: 3790.198 Loading class java/awt/desktop/SystemSleepListener done
Event: 28346.901 Loading class java/lang/Throwable$WrappedPrintStream
Event: 28346.914 Loading class java/lang/Throwable$PrintStreamOrWriter
Event: 28346.918 Loading class java/lang/Throwable$PrintStreamOrWriter done
Event: 28346.919 Loading class java/lang/Throwable$WrappedPrintStream done
Event: 28346.960 Loading class java/lang/StackTraceElement$HashedModules
Event: 28346.970 Loading class java/lang/StackTraceElement$HashedModules done

Classes unloaded (0 events):
No events

Classes redefined (0 events):
No events

Internal exceptions (20 events):
Event: 0.525 Thread 0x000001bd284caba0 Exception <a 'java/lang/ClassNotFoundException'{0x00000000c52fe388}: com/sun/swing/internal/plaf/basic/resources/spi/basicProvider> (0x00000000c52fe388) 
thrown [s\open\src\hotspot\share\classfile\systemDictionary.cpp, line 255]
Event: 0.632 Thread 0x000001bd48396820 Exception <a 'java/lang/ClassNotFoundException'{0x00000000c519b130}: com/sun/swing/internal/plaf/synth/resources/spi/synthProvider> (0x00000000c519b130) 
thrown [s\open\src\hotspot\share\classfile\systemDictionary.cpp, line 255]
Event: 0.660 Thread 0x000001bd48396820 Exception <a 'java/lang/NoSuchMethodError'{0x00000000c51deb70}: 'int java.lang.invoke.Invokers$Holder.invokeExact_MT(java.lang.Object, java.lang.Object)'> (0x00000000c51deb70) 
thrown [s\open\src\hotspot\share\interpreter\linkResolver.cpp, line 774]
Event: 0.672 Thread 0x000001bd48396820 Exception <a 'java/lang/NoSuchMethodError'{0x00000000c51e9308}: 'java.lang.Object java.lang.invoke.DirectMethodHandle$Holder.newInvokeSpecial(java.lang.Object, java.lang.Object, int)'> (0x00000000c51e9308) 
thrown [s\open\src\hotspot\share\interpreter\linkResolver.cpp, line 774]
Event: 0.673 Thread 0x000001bd48396820 Exception <a 'java/lang/NoSuchMethodError'{0x00000000c51ee550}: 'int java.lang.invoke.DirectMethodHandle$Holder.invokeSpecial(java.lang.Object, java.lang.Object, java.lang.Object, int)'> (0x00000000c51ee550) 
thrown [s\open\src\hotspot\share\interpreter\linkResolver.cpp, line 774]
Event: 0.677 Thread 0x000001bd48396820 Exception <a 'java/lang/NoSuchMethodError'{0x00000000c50013c8}: 'java.lang.Object java.lang.invoke.DirectMethodHandle$Holder.invokeStatic(java.lang.Object, java.lang.Object, java.lang.Object, java.lang.Object, int)'> (0x00000000c50013c8) 
thrown [s\open\src\hotspot\share\interpreter\linkResolver.cpp, line 774]
Event: 0.680 Thread 0x000001bd48396820 Exception <a 'java/lang/NoSuchMethodError'{0x00000000c500d3d0}: 'int java.lang.invoke.DirectMethodHandle$Holder.invokeSpecial(java.lang.Object, java.lang.Object, java.lang.Object)'> (0x00000000c500d3d0) 
thrown [s\open\src\hotspot\share\interpreter\linkResolver.cpp, line 774]
Event: 0.934 Thread 0x000001bd483f7a30 Exception <a 'java/lang/NoSuchMethodError'{0x00000000c4ec30c8}: 'java.lang.Object java.lang.invoke.DirectMethodHandle$Holder.newInvokeSpecial(java.lang.Object, java.lang.Object, java.lang.Object, int, int, int, int, int)'> (0x00000000c4ec30c8) 
thrown [s\open\src\hotspot\share\interpreter\linkResolver.cpp, line 774]
Event: 1.105 Thread 0x000001bd482d2500 Exception <a 'java/lang/NoSuchMethodError'{0x00000000c5352670}: 'void java.lang.invoke.DirectMethodHandle$Holder.invokeVirtual(java.lang.Object, java.lang.Object)'> (0x00000000c5352670) 
thrown [s\open\src\hotspot\share\interpreter\linkResolver.cpp, line 774]
Event: 1.130 Thread 0x000001bd48396820 Exception <a 'java/lang/NoSuchMethodError'{0x00000000c4dd3328}: 'void java.lang.invoke.DirectMethodHandle$Holder.invokeStaticInit(java.lang.Object)'> (0x00000000c4dd3328) 
thrown [s\open\src\hotspot\share\interpreter\linkResolver.cpp, line 774]
Event: 1.533 Thread 0x000001bd48396820 Exception <a 'java/lang/NoSuchMethodError'{0x00000000c56bb220}: 'java.lang.Object java.lang.invoke.DirectMethodHandle$Holder.invokeInterface(java.lang.Object, java.lang.Object)'> (0x00000000c56bb220) 
thrown [s\open\src\hotspot\share\interpreter\linkResolver.cpp, line 774]
Event: 1.574 Thread 0x000001bd48396820 Exception <a 'java/lang/NoSuchMethodError'{0x00000000c5534b60}: 'void java.lang.invoke.DirectMethodHandle$Holder.invokeStatic(java.lang.Object, java.lang.Object, java.lang.Object)'> (0x00000000c5534b60) 
thrown [s\open\src\hotspot\share\interpreter\linkResolver.cpp, line 774]
Event: 1.576 Thread 0x000001bd48396820 Exception <a 'java/lang/NoSuchMethodError'{0x00000000c553e948}: 'java.lang.Object java.lang.invoke.DirectMethodHandle$Holder.invokeVirtual(java.lang.Object, java.lang.Object, java.lang.Object)'> (0x00000000c553e948) 
thrown [s\open\src\hotspot\share\interpreter\linkResolver.cpp, line 774]
Event: 1.706 Thread 0x000001bd48396820 Exception <a 'java/lang/NoSuchMethodError'{0x00000000c5234df0}: 'void java.lang.invoke.DirectMethodHandle$Holder.invokeStatic(java.lang.Object, java.lang.Object)'> (0x00000000c5234df0) 
thrown [s\open\src\hotspot\share\interpreter\linkResolver.cpp, line 774]
Event: 10.975 Thread 0x000001bd48396820 Implicit null exception at 0x000001bd37fb42c6 to 0x000001bd37fb4875
Event: 10.975 Thread 0x000001bd48396820 Implicit null exception at 0x000001bd37fb112b to 0x000001bd37fb1828
Event: 10.975 Thread 0x000001bd48396820 Implicit null exception at 0x000001bd37fb42c6 to 0x000001bd37fb4875
Event: 10.975 Thread 0x000001bd48396820 Implicit null exception at 0x000001bd37fb112b to 0x000001bd37fb1828
Event: 10.975 Thread 0x000001bd48396820 Implicit null exception at 0x000001bd37fb42c6 to 0x000001bd37fb4875
Event: 28346.795 Thread 0x000001bd48f48f90 Exception <a 'java/lang/OutOfMemoryError'{0x00000000c44012d8}: unable to create native thread: possibly out of memory or process/resource limits reached> (0x00000000c44012d8) 
thrown [s\open\src\hotspot\share\prims\jvm.cpp, line 2974]

VM Operations (20 events):
Event: 3049.255 Executing VM operation: G1CollectForAllocation
Event: 3049.258 Executing VM operation: G1CollectForAllocation done
Event: 3215.214 Executing VM operation: G1CollectForAllocation
Event: 3215.220 Executing VM operation: G1CollectForAllocation done
Event: 3219.242 Executing VM operation: Cleanup
Event: 3219.243 Executing VM operation: Cleanup done
Event: 3281.737 Executing VM operation: Cleanup
Event: 3281.737 Executing VM operation: Cleanup done
Event: 3387.023 Executing VM operation: G1CollectForAllocation
Event: 3387.025 Executing VM operation: G1CollectForAllocation done
Event: 3447.407 Executing VM operation: Cleanup
Event: 3447.407 Executing VM operation: Cleanup done
Event: 3543.459 Executing VM operation: G1CollectForAllocation
Event: 3543.462 Executing VM operation: G1CollectForAllocation done
Event: 3687.138 Executing VM operation: G1CollectForAllocation
Event: 3687.140 Executing VM operation: G1CollectForAllocation done
Event: 28102.545 Executing VM operation: G1CollectForAllocation
Event: 28102.568 Executing VM operation: G1CollectForAllocation done
Event: 28270.400 Executing VM operation: G1CollectForAllocation
Event: 28270.435 Executing VM operation: G1CollectForAllocation done

Events (20 events):
Event: 28341.333 Thread 0x000001bd480c4400 Thread exited: 0x000001bd480c4400
Event: 28341.334 Thread 0x000001bd480c4ea0 Thread exited: 0x000001bd480c4ea0
Event: 28341.334 Thread 0x000001bd48be2fb0 Thread added: 0x000001bd48be2fb0
Event: 28341.337 Thread 0x000001bd48be1fc0 Thread added: 0x000001bd48be1fc0
Event: 28342.376 Thread 0x000001bd48be2fb0 Thread exited: 0x000001bd48be2fb0
Event: 28342.376 Thread 0x000001bd48be1fc0 Thread exited: 0x000001bd48be1fc0
Event: 28342.722 Thread 0x000001bd48be2510 Thread added: 0x000001bd48be2510
Event: 28342.723 Thread 0x000001bd48be2a60 Thread added: 0x000001bd48be2a60
Event: 28344.744 Thread 0x000001bd48be2510 Thread exited: 0x000001bd48be2510
Event: 28344.744 Thread 0x000001bd48be2a60 Thread exited: 0x000001bd48be2a60
Event: 28344.744 Thread 0x000001bd48be2510 Thread added: 0x000001bd48be2510
Event: 28344.745 Thread 0x000001bd48be1a70 Thread added: 0x000001bd48be1a70
Event: 28345.758 Thread 0x000001bd48be1a70 Thread exited: 0x000001bd48be1a70
Event: 28345.758 Thread 0x000001bd48be2510 Thread exited: 0x000001bd48be2510
Event: 28345.758 Thread 0x000001bd48be1fc0 Thread added: 0x000001bd48be1fc0
Event: 28345.758 Thread 0x000001bd48be2fb0 Thread added: 0x000001bd48be2fb0
Event: 28346.776 Thread 0x000001bd48be2fb0 Thread exited: 0x000001bd48be2fb0
Event: 28346.777 Thread 0x000001bd48be2510 Thread added: 0x000001bd48be2510
Event: 28346.777 Thread 0x000001bd48be1fc0 Thread exited: 0x000001bd48be1fc0
Event: 28347.013 Thread 0x000001bd48f48f90 Thread exited: 0x000001bd48f48f90


Dynamic libraries:
0x00007ff7d9740000 - 0x00007ff7d9750000 	C:\Program Files\Java\jdk-19\bin\java.exe
0x00007ffc6aef0000 - 0x00007ffc6b0e8000 	C:\Windows\SYSTEM32\ntdll.dll
0x00007ffc690b0000 - 0x00007ffc6916f000 	C:\Windows\System32\KERNEL32.DLL
0x00007ffc68a60000 - 0x00007ffc68d32000 	C:\Windows\System32\KERNELBASE.dll
0x00007ffc68e30000 - 0x00007ffc68f30000 	C:\Windows\System32\ucrtbase.dll
0x00007ffc09c80000 - 0x00007ffc09c9b000 	C:\Program Files\Java\jdk-19\bin\VCRUNTIME140.dll
0x00007ffc64080000 - 0x00007ffc64098000 	C:\Program Files\Java\jdk-19\bin\jli.dll
0x00007ffc6a290000 - 0x00007ffc6a33e000 	C:\Windows\System32\ADVAPI32.dll
0x00007ffc69250000 - 0x00007ffc692ee000 	C:\Windows\System32\msvcrt.dll
0x00007ffc6ae00000 - 0x00007ffc6ae9c000 	C:\Windows\System32\sechost.dll
0x00007ffc6a550000 - 0x00007ffc6a675000 	C:\Windows\System32\RPCRT4.dll
0x00007ffc693a0000 - 0x00007ffc69541000 	C:\Windows\System32\USER32.dll
0x00007ffc575f0000 - 0x00007ffc5788a000 	C:\Windows\WinSxS\amd64_microsoft.windows.common-controls_6595b64144ccf1df_6.0.19041.1110_none_60b5254171f9507e\COMCTL32.dll
0x00007ffc685e0000 - 0x00007ffc68602000 	C:\Windows\System32\win32u.dll
0x00007ffc69370000 - 0x00007ffc6939b000 	C:\Windows\System32\GDI32.dll
0x00007ffc686b0000 - 0x00007ffc687bf000 	C:\Windows\System32\gdi32full.dll
0x00007ffc68610000 - 0x00007ffc686ad000 	C:\Windows\System32\msvcp_win.dll
0x00007ffc57e50000 - 0x00007ffc57e5a000 	C:\Windows\SYSTEM32\VERSION.dll
0x00007ffc6a130000 - 0x00007ffc6a162000 	C:\Windows\System32\IMM32.DLL
0x00007ffc4d690000 - 0x00007ffc4d69c000 	C:\Program Files\Java\jdk-19\bin\vcruntime140_1.dll
0x00007ffbfa660000 - 0x00007ffbfa6ee000 	C:\Program Files\Java\jdk-19\bin\msvcp140.dll
0x00007ffbfaab0000 - 0x00007ffbfb770000 	C:\Program Files\Java\jdk-19\bin\server\jvm.dll
0x00007ffc55a00000 - 0x00007ffc55a09000 	C:\Windows\SYSTEM32\WSOCK32.dll
0x00007ffc566c0000 - 0x00007ffc566e7000 	C:\Windows\SYSTEM32\WINMM.dll
0x00007ffc6a0c0000 - 0x00007ffc6a12b000 	C:\Windows\System32\WS2_32.dll
0x00007ffc664a0000 - 0x00007ffc664b2000 	C:\Windows\SYSTEM32\kernel.appcore.dll
0x00007ffc496f0000 - 0x00007ffc496fa000 	C:\Program Files\Java\jdk-19\bin\jimage.dll
0x00007ffc55bf0000 - 0x00007ffc55dd4000 	C:\Windows\SYSTEM32\DBGHELP.DLL
0x00007ffc55b40000 - 0x00007ffc55b75000 	C:\Windows\SYSTEM32\dbgcore.DLL
0x00007ffc68870000 - 0x00007ffc688f2000 	C:\Windows\System32\bcryptPrimitives.dll
0x00007ffbfaa40000 - 0x00007ffbfaa66000 	C:\Program Files\Java\jdk-19\bin\java.dll
0x00007ffbfa960000 - 0x00007ffbfaa37000 	C:\Program Files\Java\jdk-19\bin\jsvml.dll
0x00007ffc6a6a0000 - 0x00007ffc6ade4000 	C:\Windows\System32\SHELL32.dll
0x00007ffc666a0000 - 0x00007ffc66e32000 	C:\Windows\SYSTEM32\windows.storage.dll
0x00007ffc69cb0000 - 0x00007ffc6a005000 	C:\Windows\System32\combase.dll
0x00007ffc68040000 - 0x00007ffc68070000 	C:\Windows\SYSTEM32\Wldp.dll
0x00007ffc6a010000 - 0x00007ffc6a0bd000 	C:\Windows\System32\SHCORE.dll
0x00007ffc6a340000 - 0x00007ffc6a395000 	C:\Windows\System32\shlwapi.dll
0x00007ffc68520000 - 0x00007ffc6853f000 	C:\Windows\SYSTEM32\profapi.dll
0x00007ffc09a70000 - 0x00007ffc09a83000 	C:\Program Files\Java\jdk-19\bin\net.dll
0x00007ffc5f4c0000 - 0x00007ffc5f5cc000 	C:\Windows\SYSTEM32\WINHTTP.dll
0x00007ffc67da0000 - 0x00007ffc67e0a000 	C:\Windows\system32\mswsock.dll
0x00007ffc08dc0000 - 0x00007ffc08dd6000 	C:\Program Files\Java\jdk-19\bin\nio.dll
0x00007ffbfa940000 - 0x00007ffbfa958000 	C:\Program Files\Java\jdk-19\bin\zip.dll
0x00007ffbfa6f0000 - 0x00007ffbfa881000 	C:\Program Files\Java\jdk-19\bin\awt.dll
0x00007ffc68fe0000 - 0x00007ffc690ad000 	C:\Windows\System32\OLEAUT32.dll
0x00007ffc65de0000 - 0x00007ffc65e71000 	C:\Windows\SYSTEM32\apphelp.dll
0x00007ffc65f80000 - 0x00007ffc6601e000 	C:\Windows\system32\uxtheme.dll
0x00007ffc6a170000 - 0x00007ffc6a285000 	C:\Windows\System32\MSCTF.dll
0x00007ffc696b0000 - 0x00007ffc697da000 	C:\Windows\System32\ole32.dll
0x00007ffc661b0000 - 0x00007ffc661df000 	C:\Windows\system32\DWMAPI.DLL
0x00007ffbfa5d0000 - 0x00007ffbfa656000 	C:\Program Files\Java\jdk-19\bin\freetype.dll
0x00007ffbfa500000 - 0x00007ffbfa5c5000 	C:\Program Files\Java\jdk-19\bin\fontmanager.dll
0x00007ffc4bad0000 - 0x00007ffc4bbf5000 	C:\Windows\system32\opengl32.dll
0x00007ffc4cc90000 - 0x00007ffc4ccbc000 	C:\Windows\SYSTEM32\GLU32.dll
0x00007ffc68f30000 - 0x00007ffc68fdf000 	C:\Windows\System32\clbcatq.dll
0x00007ffc62ef0000 - 0x00007ffc630a4000 	C:\Windows\SYSTEM32\WindowsCodecs.dll
0x00007ffc68d40000 - 0x00007ffc68d67000 	C:\Windows\System32\bcrypt.dll
0x00007ffc50150000 - 0x00007ffc5018e000 	C:\Windows\system32\dataexchange.dll
0x00007ffc64650000 - 0x00007ffc648b3000 	C:\Windows\system32\d3d11.dll
0x00007ffc652e0000 - 0x00007ffc654c3000 	C:\Windows\system32\dcomp.dll
0x00007ffc66fc0000 - 0x00007ffc670b3000 	C:\Windows\system32\dxgi.dll
0x00007ffc630b0000 - 0x00007ffc632b0000 	C:\Windows\system32\twinapi.appcore.dll
0x00007ffc67a90000 - 0x00007ffc67b5a000 	C:\Windows\SYSTEM32\DNSAPI.dll
0x00007ffc67a40000 - 0x00007ffc67a7b000 	C:\Windows\SYSTEM32\IPHLPAPI.DLL
0x00007ffc695b0000 - 0x00007ffc695b8000 	C:\Windows\System32\NSI.dll
0x000000005a630000 - 0x000000005a656000 	C:\Program Files\Bonjour\mdnsNSP.dll
0x00007ffc593c0000 - 0x00007ffc593ca000 	C:\Windows\System32\rasadhlp.dll
0x00007ffc59530000 - 0x00007ffc595b0000 	C:\Windows\System32\fwpuclnt.dll
0x00007ffc27200000 - 0x00007ffc27208000 	C:\Program Files\Java\jdk-19\bin\extnet.dll
0x00007ffc5f120000 - 0x00007ffc5f219000 	C:\Windows\SYSTEM32\textinputframework.dll
0x00007ffc654d0000 - 0x00007ffc6582e000 	C:\Windows\System32\CoreUIComponents.dll
0x00007ffc65bb0000 - 0x00007ffc65ca2000 	C:\Windows\System32\CoreMessaging.dll
0x00007ffc67790000 - 0x00007ffc677c3000 	C:\Windows\SYSTEM32\ntmarta.dll
0x00007ffc644f0000 - 0x00007ffc64644000 	C:\Windows\SYSTEM32\wintypes.dll

dbghelp: loaded successfully - version: 4.0.5 - missing functions: none
symbol engine: initialized successfully - sym options: 0x614 - pdb path: .;C:\Program Files\Java\jdk-19\bin;C:\Windows\SYSTEM32;C:\Windows\WinSxS\amd64_microsoft.windows.common-controls_6595b64144ccf1df_6.0.19041.1110_none_60b5254171f9507e;C:\Program Files\Java\jdk-19\bin\server;C:\Program Files\Bonjour

VM Arguments:
jvm_args: -Dfile.encoding=UTF-8 --module-path=C:\Users\PC\Documents\NetBeansProjects\mediatheque1\build\classes 
java_command: mediatheque1.Emprenter_doc
java_class_path (initial): C:\Program Files\NetBeans-15\netbeans\java\modules\ext\AbsoluteLayout.jar;C:\Users\PC\Desktop\bb\mysql-connector-j-8.0.31.jar;C:\Users\PC\Desktop\bb\rs2xml.jar;C:\Users\PC\Desktop\jcalendar-1.4\lib\jcalendar-1.4.jar;C:\Users\PC\Desktop\pppp\activation.jar;C:\Users\PC\Desktop\pppp\javax.mail-1.6.0.jar;C:\Users\PC\Desktop\pppp\mail.jar;C:\Users\PC\Documents\NetBeansProjects\mediatheque1\build\classes
Launcher Type: SUN_STANDARD

[Global flags]
     intx CICompilerCount                          = 3                                         {product} {ergonomic}
     uint ConcGCThreads                            = 1                                         {product} {ergonomic}
     uint G1ConcRefinementThreads                  = 4                                         {product} {ergonomic}
   size_t G1HeapRegionSize                         = 1048576                                   {product} {ergonomic}
    uintx GCDrainStackTargetSize                   = 64                                        {product} {ergonomic}
   size_t InitialHeapSize                          = 67108864                                  {product} {ergonomic}
   size_t MarkStackSize                            = 4194304                                   {product} {ergonomic}
   size_t MaxHeapSize                              = 1048576000                                {product} {ergonomic}
   size_t MaxNewSize                               = 629145600                                 {product} {ergonomic}
   size_t MinHeapDeltaBytes                        = 1048576                                   {product} {ergonomic}
   size_t MinHeapSize                              = 8388608                                   {product} {ergonomic}
    uintx NonNMethodCodeHeapSize                   = 5832780                                {pd product} {ergonomic}
    uintx NonProfiledCodeHeapSize                  = 122912730                              {pd product} {ergonomic}
    uintx ProfiledCodeHeapSize                     = 122912730                              {pd product} {ergonomic}
    uintx ReservedCodeCacheSize                    = 251658240                              {pd product} {ergonomic}
     bool SegmentedCodeCache                       = true                                      {product} {ergonomic}
   size_t SoftMaxHeapSize                          = 1048576000                             {manageable} {ergonomic}
     bool UseCompressedClassPointers               = true                           {product lp64_product} {ergonomic}
     bool UseCompressedOops                        = true                           {product lp64_product} {ergonomic}
     bool UseG1GC                                  = true                                      {product} {ergonomic}
     bool UseLargePagesIndividualAllocation        = false                                  {pd product} {ergonomic}

Logging:
Log output configuration:
 #0: stdout all=warning uptime,level,tags foldmultilines=false
 #1: stderr all=off uptime,level,tags foldmultilines=false

Environment Variables:
PATH=C:\oracle\product\10.2.0\db_1\bin;C:\Program Files\Common Files\Oracle\Java\javapath;C:\oraclexe\app\oracle\product\11.2.0\server\bin;;C:\Windows\system32;C:\Windows;C:\Windows\System32\Wbem;C:\Windows\System32\WindowsPowerShell\v1.0\;C:\Windows\System32\OpenSSH\;C:\Program Files\dotnet\;C:\Program Files\nodejs\;C:\Program Files\Git\cmd;C:\Program Files (x86)\dotnet\;C:\Users\PC\AppData\Local\Programs\Python\Python310\Scripts\;C:\Users\PC\AppData\Local\Programs\Python\Python310\;C:\Users\PC\AppData\Local\Microsoft\WindowsApps;C:\Users\PC\.dotnet\tools;C:\Users\PC\AppData\Roaming\npm;C:\Users\PC\AppData\Local\Programs\Microsoft VS Code\bin;C:\xampp\php;C:\waampserver\bin\php\php7.4.26;C:\Users\PC\AppData\Local\ComposerSetup\bin;C:\Users\PC\AppData\Roaming\Composer\vendor\bin
USERNAME=PC
OS=Windows_NT
PROCESSOR_IDENTIFIER=Intel64 Family 6 Model 69 Stepping 1, GenuineIntel
TMP=C:\Users\PC\AppData\Local\Temp
TEMP=C:\Users\PC\AppData\Local\Temp



---------------  S Y S T E M  ---------------

OS:
 Windows 10 , 64 bit Build 19041 (10.0.19041.2364)
OS uptime: 0 days 15:02 hours

CPU: total 4 (initial active 4) (2 cores per cpu, 2 threads per core) family 6 model 69 stepping 1 microcode 0x25, cx8, cmov, fxsr, ht, mmx, sse, sse2, sse3, ssse3, sse4.1, sse4.2, popcnt, lzcnt, tsc, tscinvbit, avx, avx2, aes, erms, clmul, bmi1, bmi2, fma, vzeroupper, clflush, rdtscp

Memory: 4k page, system-wide physical 3993M (279M free)
TotalPageFile size 16281M (AvailPageFile size 0M)
current process WorkingSet (physical memory assigned to process): 18M, peak: 113M
current process commit charge ("private bytes"): 165M, peak: 180M

vm_info: Java HotSpot(TM) 64-Bit Server VM (19.0.1+10-21) for windows-amd64 JRE (19.0.1+10-21), built on 2022-09-14T12:45:06Z by "mach5one" with MS VC++ 17.1 (VS2022)

END.
